[0.529s] Invoking command in '/home/roeunsea/turtlebot3_ws/src/motion_planning/build/bug2_nav': PYTHONPATH=/home/roeunsea/turtlebot3_ws/src/motion_planning/build/bug2_nav/prefix_override:/usr/lib/python3/dist-packages/colcon_core/task/python/colcon_distutils_commands:/home/roeunsea/turtlebot3_ws/src/motion_planning/install/bug2_nav/lib/python3.10/site-packages:${PYTHONPATH} /usr/bin/python3 -W ignore:setup.py install is deprecated -W ignore:easy_install command is deprecated setup.py develop --editable --build-directory /home/roeunsea/turtlebot3_ws/src/motion_planning/build/bug2_nav/build --no-deps symlink_data
[0.681s] running develop
[0.771s] running egg_info
[0.771s] creating bug2_nav.egg-info
[0.771s] writing bug2_nav.egg-info/PKG-INFO
[0.771s] writing dependency_links to bug2_nav.egg-info/dependency_links.txt
[0.772s] writing entry points to bug2_nav.egg-info/entry_points.txt
[0.772s] writing requirements to bug2_nav.egg-info/requires.txt
[0.772s] writing top-level names to bug2_nav.egg-info/top_level.txt
[0.772s] writing manifest file 'bug2_nav.egg-info/SOURCES.txt'
[0.773s] reading manifest file 'bug2_nav.egg-info/SOURCES.txt'
[0.773s] writing manifest file 'bug2_nav.egg-info/SOURCES.txt'
[0.774s] running build_ext
[0.774s] Creating /home/roeunsea/turtlebot3_ws/src/motion_planning/install/bug2_nav/lib/python3.10/site-packages/bug2-nav.egg-link (link to .)
[0.774s] Installing bug2_nav_node script to /home/roeunsea/turtlebot3_ws/src/motion_planning/install/bug2_nav/lib/bug2_nav
[0.774s] 
[0.774s] Installed /home/roeunsea/turtlebot3_ws/src/motion_planning/build/bug2_nav
[0.774s] running symlink_data
[0.774s] creating /home/roeunsea/turtlebot3_ws/src/motion_planning/install/bug2_nav/share/ament_index
[0.774s] creating /home/roeunsea/turtlebot3_ws/src/motion_planning/install/bug2_nav/share/ament_index/resource_index
[0.775s] creating /home/roeunsea/turtlebot3_ws/src/motion_planning/install/bug2_nav/share/ament_index/resource_index/packages
[0.775s] symbolically linking /home/roeunsea/turtlebot3_ws/src/motion_planning/build/bug2_nav/resource/bug2_nav -> /home/roeunsea/turtlebot3_ws/src/motion_planning/install/bug2_nav/share/ament_index/resource_index/packages
[0.775s] symbolically linking /home/roeunsea/turtlebot3_ws/src/motion_planning/build/bug2_nav/package.xml -> /home/roeunsea/turtlebot3_ws/src/motion_planning/install/bug2_nav/share/bug2_nav
[0.775s] creating /home/roeunsea/turtlebot3_ws/src/motion_planning/install/bug2_nav/share/bug2_nav/launch
[0.775s] symbolically linking /home/roeunsea/turtlebot3_ws/src/motion_planning/build/bug2_nav/launch/maze_1_world.launch.py -> /home/roeunsea/turtlebot3_ws/src/motion_planning/install/bug2_nav/share/bug2_nav/launch
[0.775s] symbolically linking /home/roeunsea/turtlebot3_ws/src/motion_planning/build/bug2_nav/launch/maze_2_world.launch.py -> /home/roeunsea/turtlebot3_ws/src/motion_planning/install/bug2_nav/share/bug2_nav/launch
[0.775s] symbolically linking /home/roeunsea/turtlebot3_ws/src/motion_planning/build/bug2_nav/launch/z_wall_world.launch.py -> /home/roeunsea/turtlebot3_ws/src/motion_planning/install/bug2_nav/share/bug2_nav/launch
[0.775s] creating /home/roeunsea/turtlebot3_ws/src/motion_planning/install/bug2_nav/share/bug2_nav/worlds
[0.775s] symbolically linking /home/roeunsea/turtlebot3_ws/src/motion_planning/build/bug2_nav/worlds/turtlebot3_maze2.world -> /home/roeunsea/turtlebot3_ws/src/motion_planning/install/bug2_nav/share/bug2_nav/worlds
[0.775s] symbolically linking /home/roeunsea/turtlebot3_ws/src/motion_planning/build/bug2_nav/worlds/turtlebot3_maze1.world -> /home/roeunsea/turtlebot3_ws/src/motion_planning/install/bug2_nav/share/bug2_nav/worlds
[0.775s] symbolically linking /home/roeunsea/turtlebot3_ws/src/motion_planning/build/bug2_nav/worlds/turtlebot3_wall.world -> /home/roeunsea/turtlebot3_ws/src/motion_planning/install/bug2_nav/share/bug2_nav/worlds
[0.775s] creating /home/roeunsea/turtlebot3_ws/src/motion_planning/install/bug2_nav/share/bug2_nav/models
[0.794s] Invoked command in '/home/roeunsea/turtlebot3_ws/src/motion_planning/build/bug2_nav' returned '0': PYTHONPATH=/home/roeunsea/turtlebot3_ws/src/motion_planning/build/bug2_nav/prefix_override:/usr/lib/python3/dist-packages/colcon_core/task/python/colcon_distutils_commands:/home/roeunsea/turtlebot3_ws/src/motion_planning/install/bug2_nav/lib/python3.10/site-packages:${PYTHONPATH} /usr/bin/python3 -W ignore:setup.py install is deprecated -W ignore:easy_install command is deprecated setup.py develop --editable --build-directory /home/roeunsea/turtlebot3_ws/src/motion_planning/build/bug2_nav/build --no-deps symlink_data
