[0.527s] Invoking command in '/home/roeunsea/turtlebot3_ws/src/motion_planning/build/potential_field': PYTHONPATH=/home/roeunsea/turtlebot3_ws/src/motion_planning/build/potential_field/prefix_override:/usr/lib/python3/dist-packages/colcon_core/task/python/colcon_distutils_commands:/home/roeunsea/turtlebot3_ws/src/motion_planning/install/potential_field/lib/python3.10/site-packages:${PYTHONPATH} /usr/bin/python3 -W ignore:setup.py install is deprecated -W ignore:easy_install command is deprecated setup.py develop --editable --build-directory /home/roeunsea/turtlebot3_ws/src/motion_planning/build/potential_field/build --no-deps symlink_data
[0.679s] running develop
[0.769s] running egg_info
[0.769s] creating potential_field.egg-info
[0.769s] writing potential_field.egg-info/PKG-INFO
[0.769s] writing dependency_links to potential_field.egg-info/dependency_links.txt
[0.769s] writing entry points to potential_field.egg-info/entry_points.txt
[0.769s] writing requirements to potential_field.egg-info/requires.txt
[0.769s] writing top-level names to potential_field.egg-info/top_level.txt
[0.769s] writing manifest file 'potential_field.egg-info/SOURCES.txt'
[0.770s] reading manifest file 'potential_field.egg-info/SOURCES.txt'
[0.770s] writing manifest file 'potential_field.egg-info/SOURCES.txt'
[0.771s] running build_ext
[0.771s] Creating /home/roeunsea/turtlebot3_ws/src/motion_planning/install/potential_field/lib/python3.10/site-packages/potential-field.egg-link (link to .)
[0.772s] 
[0.772s] Installed /home/roeunsea/turtlebot3_ws/src/motion_planning/build/potential_field
[0.772s] running symlink_data
[0.772s] creating /home/roeunsea/turtlebot3_ws/src/motion_planning/install/potential_field/share/ament_index
[0.772s] creating /home/roeunsea/turtlebot3_ws/src/motion_planning/install/potential_field/share/ament_index/resource_index
[0.772s] creating /home/roeunsea/turtlebot3_ws/src/motion_planning/install/potential_field/share/ament_index/resource_index/packages
[0.772s] symbolically linking /home/roeunsea/turtlebot3_ws/src/motion_planning/build/potential_field/resource/potential_field -> /home/roeunsea/turtlebot3_ws/src/motion_planning/install/potential_field/share/ament_index/resource_index/packages
[0.772s] symbolically linking /home/roeunsea/turtlebot3_ws/src/motion_planning/build/potential_field/package.xml -> /home/roeunsea/turtlebot3_ws/src/motion_planning/install/potential_field/share/potential_field
[0.797s] Invoked command in '/home/roeunsea/turtlebot3_ws/src/motion_planning/build/potential_field' returned '0': PYTHONPATH=/home/roeunsea/turtlebot3_ws/src/motion_planning/build/potential_field/prefix_override:/usr/lib/python3/dist-packages/colcon_core/task/python/colcon_distutils_commands:/home/roeunsea/turtlebot3_ws/src/motion_planning/install/potential_field/lib/python3.10/site-packages:${PYTHONPATH} /usr/bin/python3 -W ignore:setup.py install is deprecated -W ignore:easy_install command is deprecated setup.py develop --editable --build-directory /home/roeunsea/turtlebot3_ws/src/motion_planning/build/potential_field/build --no-deps symlink_data
